;  LST file generated by mikroListExporter - v.2.0 
; Date/Time: 2/24/2023 8:57:49 AM
;----------------------------------------------

;Address Opcode 	ASM
0x0000	0x2A6C      	GOTO       620
_interrupt:
0x0004	0x00FF      	MOVWF      R15
0x0005	0x0E03      	SWAPF      STATUS, 0
0x0006	0x0183      	CLRF       STATUS
0x0007	0x00E2      	MOVWF      ___saveSTATUS
0x0008	0x080A      	MOVF       PCLATH, 0
0x0009	0x00E3      	MOVWF      ___savePCLATH
0x000A	0x018A      	CLRF       PCLATH
0x000B	0x0870      	MOVF       R0, 0
0x000C	0x00A7      	MOVWF      39
0x000D	0x0871      	MOVF       R1, 0
0x000E	0x00A6      	MOVWF      38
0x000F	0x0872      	MOVF       R2, 0
0x0010	0x00A5      	MOVWF      37
0x0011	0x0874      	MOVF       R4, 0
0x0012	0x00A4      	MOVWF      36
0x0013	0x0875      	MOVF       R5, 0
0x0014	0x00A3      	MOVWF      35
0x0015	0x0878      	MOVF       R8, 0
0x0016	0x00A2      	MOVWF      34
0x0017	0x0879      	MOVF       R9, 0
0x0018	0x00A1      	MOVWF      33
0x0019	0x087C      	MOVF       R12, 0
0x001A	0x00A0      	MOVWF      32
;hc-sr04 interface with pic16.c,20 :: 		void interrupt()
;hc-sr04 interface with pic16.c,22 :: 		if(INTCON.RBIF == 1)                 //Makes sure that it is PORTB On-Change Interrupt
0x001B	0x1C0B      	BTFSS      INTCON, 0
0x001C	0x2834      	GOTO       L_interrupt0
;hc-sr04 interface with pic16.c,24 :: 		INTCON.RBIE = 0;                   //Disable On-Change Interrupt
0x001D	0x118B      	BCF        INTCON, 3
;hc-sr04 interface with pic16.c,25 :: 		if(PORTB.F4 == 1)                  //If ECHO is HIGH
0x001E	0x1E06      	BTFSS      PORTB, 4
0x001F	0x2821      	GOTO       L_interrupt1
;hc-sr04 interface with pic16.c,26 :: 		T1CON.F0 = 1;                    //Start Timer
0x0020	0x1410      	BSF        T1CON, 0
L_interrupt1:
;hc-sr04 interface with pic16.c,27 :: 		if(PORTB.F4 == 0)                  //If ECHO is LOW
0x0021	0x1A06      	BTFSC      PORTB, 4
0x0022	0x2834      	GOTO       L_interrupt2
;hc-sr04 interface with pic16.c,29 :: 		T1CON.F0 = 0;                    //Stop Timer
0x0023	0x1010      	BCF        T1CON, 0
;hc-sr04 interface with pic16.c,30 :: 		a = (TMR1L | (TMR1H<<8))/60;  //Calculate Distance
0x0024	0x080F      	MOVF       TMR1H, 0
0x0025	0x00F1      	MOVWF      R0+1
0x0026	0x01F0      	CLRF       R0
0x0027	0x080E      	MOVF       TMR1L, 0
0x0028	0x04F0      	IORWF      R0, 1
0x0029	0x3000      	MOVLW      0
0x002A	0x04F1      	IORWF      R0+1, 1
0x002B	0x303C      	MOVLW      60
0x002C	0x00F4      	MOVWF      R4
0x002D	0x3000      	MOVLW      0
0x002E	0x00F5      	MOVWF      R4+1
0x002F	0x2064      	CALL       _Div_16X16_U
0x0030	0x0870      	MOVF       R0, 0
0x0031	0x00DF      	MOVWF      _a
0x0032	0x0871      	MOVF       R0+1, 0
0x0033	0x00E0      	MOVWF      _a+1
;hc-sr04 interface with pic16.c,31 :: 		}
L_interrupt2:
;hc-sr04 interface with pic16.c,32 :: 		}
L_interrupt0:
;hc-sr04 interface with pic16.c,33 :: 		INTCON.RBIF = 0;                     //Clear PORTB On-Change Interrupt flag
0x0034	0x100B      	BCF        INTCON, 0
;hc-sr04 interface with pic16.c,34 :: 		INTCON.RBIE = 1;                     //Enable PORTB On-Change Interrupt
0x0035	0x158B      	BSF        INTCON, 3
;hc-sr04 interface with pic16.c,35 :: 		}
L_end_interrupt:
L__interrupt15:
0x0036	0x0827      	MOVF       39, 0
0x0037	0x00F0      	MOVWF      R0
0x0038	0x0826      	MOVF       38, 0
0x0039	0x00F1      	MOVWF      R1
0x003A	0x0825      	MOVF       37, 0
0x003B	0x00F2      	MOVWF      R2
0x003C	0x0824      	MOVF       36, 0
0x003D	0x00F4      	MOVWF      R4
0x003E	0x0823      	MOVF       35, 0
0x003F	0x00F5      	MOVWF      R5
0x0040	0x0822      	MOVF       34, 0
0x0041	0x00F8      	MOVWF      R8
0x0042	0x0821      	MOVF       33, 0
0x0043	0x00F9      	MOVWF      R9
0x0044	0x0820      	MOVF       32, 0
0x0045	0x00FC      	MOVWF      R12
0x0046	0x0863      	MOVF       ___savePCLATH, 0
0x0047	0x008A      	MOVWF      PCLATH
0x0048	0x0E62      	SWAPF      ___saveSTATUS, 0
0x0049	0x0083      	MOVWF      STATUS
0x004A	0x0EFF      	SWAPF      R15, 1
0x004B	0x0E7F      	SWAPF      R15, 0
0x004C	0x0009      	RETFIE
; end of _interrupt
_Delay_1us:
;__Lib_Delays.c,7 :: 		void Delay_1us() {
;__Lib_Delays.c,8 :: 		Delay_us(1);
0x004D	0x0000      	NOP
0x004E	0x0000      	NOP
;__Lib_Delays.c,9 :: 		}
L_end_Delay_1us:
0x004F	0x0008      	RETURN
; end of _Delay_1us
_Delay_50us:
;__Lib_Delays.c,19 :: 		void Delay_50us() {
;__Lib_Delays.c,20 :: 		Delay_us(50);
0x0050	0x3021      	MOVLW      33
0x0051	0x1283      	BCF        STATUS, 5
0x0052	0x1303      	BCF        STATUS, 6
0x0053	0x00FD      	MOVWF      R13
L_Delay_50us2:
0x0054	0x0BFD      	DECFSZ     R13, 1
0x0055	0x2854      	GOTO       L_Delay_50us2
;__Lib_Delays.c,21 :: 		}
L_end_Delay_50us:
0x0056	0x0008      	RETURN
; end of _Delay_50us
_Delay_5500us:
;__Lib_Delays.c,31 :: 		void Delay_5500us() {
;__Lib_Delays.c,32 :: 		Delay_us(5500);
0x0057	0x300F      	MOVLW      15
0x0058	0x1283      	BCF        STATUS, 5
0x0059	0x1303      	BCF        STATUS, 6
0x005A	0x00FC      	MOVWF      R12
0x005B	0x3047      	MOVLW      71
0x005C	0x00FD      	MOVWF      R13
L_Delay_5500us5:
0x005D	0x0BFD      	DECFSZ     R13, 1
0x005E	0x285D      	GOTO       L_Delay_5500us5
0x005F	0x0BFC      	DECFSZ     R12, 1
0x0060	0x285D      	GOTO       L_Delay_5500us5
0x0061	0x0000      	NOP
0x0062	0x0000      	NOP
;__Lib_Delays.c,33 :: 		}
L_end_Delay_5500us:
0x0063	0x0008      	RETURN
; end of _Delay_5500us
_Div_16X16_U:
;__Lib_Math.c,215 :: 		
;__Lib_Math.c,222 :: 		
0x0064	0x1283      	BCF        STATUS, 5
;__Lib_Math.c,223 :: 		
0x0065	0x1303      	BCF        STATUS, 6
;__Lib_Math.c,224 :: 		
0x0066	0x01F8      	CLRF       R8
;__Lib_Math.c,225 :: 		
0x0067	0x01F9      	CLRF       R9
;__Lib_Math.c,226 :: 		
0x0068	0x3010      	MOVLW      16
;__Lib_Math.c,227 :: 		
0x0069	0x00FC      	MOVWF      R12
;__Lib_Math.c,228 :: 		
0x006A	0x0D71      	RLF        R1, 0
;__Lib_Math.c,229 :: 		
0x006B	0x0DF8      	RLF        R8, 1
;__Lib_Math.c,230 :: 		
0x006C	0x0DF9      	RLF        R9, 1
;__Lib_Math.c,231 :: 		
0x006D	0x0874      	MOVF       R4, 0
;__Lib_Math.c,232 :: 		
0x006E	0x02F8      	SUBWF      R8, 1
;__Lib_Math.c,233 :: 		
0x006F	0x0875      	MOVF       R5, 0
;__Lib_Math.c,234 :: 		
0x0070	0x1C03      	BTFSS      STATUS, 0
;__Lib_Math.c,235 :: 		
0x0071	0x0F75      	INCFSZ     R5, 0
;__Lib_Math.c,236 :: 		
0x0072	0x02F9      	SUBWF      R9, 1
;__Lib_Math.c,237 :: 		
0x0073	0x1803      	BTFSC      STATUS, 0
;__Lib_Math.c,238 :: 		
0x0074	0x287C      	GOTO       $+8
;__Lib_Math.c,239 :: 		
0x0075	0x0874      	MOVF       R4, 0
;__Lib_Math.c,240 :: 		
0x0076	0x07F8      	ADDWF      R8, 1
;__Lib_Math.c,241 :: 		
0x0077	0x0875      	MOVF       R5, 0
;__Lib_Math.c,242 :: 		
0x0078	0x1803      	BTFSC      STATUS, 0
;__Lib_Math.c,243 :: 		
0x0079	0x0F75      	INCFSZ     R5, 0
;__Lib_Math.c,244 :: 		
0x007A	0x07F9      	ADDWF      R9, 1
;__Lib_Math.c,245 :: 		
0x007B	0x1003      	BCF        STATUS, 0
;__Lib_Math.c,246 :: 		
0x007C	0x0DF0      	RLF        R0, 1
;__Lib_Math.c,247 :: 		
0x007D	0x0DF1      	RLF        R1, 1
;__Lib_Math.c,248 :: 		
0x007E	0x0BFC      	DECFSZ     R12, 1
;__Lib_Math.c,249 :: 		
0x007F	0x286A      	GOTO       $-21
;__Lib_Math.c,251 :: 		
L_end_Div_16X16_U:
0x0080	0x0008      	RETURN
; end of _Div_16X16_U
_Lcd_Cmd:
;__Lib_Lcd.c,18 :: 		
;__Lib_Lcd.c,20 :: 		
0x0081	0x1683      	BSF        STATUS, 5
0x0082	0x1303      	BCF        STATUS, 6
0x0083	0x1BA9      	BTFSC      FARG_Lcd_Cmd_out_char, 7
0x0084	0x2888      	GOTO       L__Lcd_Cmd21
0x0085	0x1283      	BCF        STATUS, 5
0x0086	0x1388      	BCF        LCD_D7, BitPos(LCD_D7+0)
0x0087	0x288A      	GOTO       L__Lcd_Cmd22
L__Lcd_Cmd21:
0x0088	0x1283      	BCF        STATUS, 5
0x0089	0x1788      	BSF        LCD_D7, BitPos(LCD_D7+0)
L__Lcd_Cmd22:
;__Lib_Lcd.c,21 :: 		
0x008A	0x1683      	BSF        STATUS, 5
0x008B	0x1B29      	BTFSC      FARG_Lcd_Cmd_out_char, 6
0x008C	0x2890      	GOTO       L__Lcd_Cmd23
0x008D	0x1283      	BCF        STATUS, 5
0x008E	0x1308      	BCF        LCD_D6, BitPos(LCD_D6+0)
0x008F	0x2892      	GOTO       L__Lcd_Cmd24
L__Lcd_Cmd23:
0x0090	0x1283      	BCF        STATUS, 5
0x0091	0x1708      	BSF        LCD_D6, BitPos(LCD_D6+0)
L__Lcd_Cmd24:
;__Lib_Lcd.c,22 :: 		
0x0092	0x1683      	BSF        STATUS, 5
0x0093	0x1AA9      	BTFSC      FARG_Lcd_Cmd_out_char, 5
0x0094	0x2898      	GOTO       L__Lcd_Cmd25
0x0095	0x1283      	BCF        STATUS, 5
0x0096	0x1288      	BCF        LCD_D5, BitPos(LCD_D5+0)
0x0097	0x289A      	GOTO       L__Lcd_Cmd26
L__Lcd_Cmd25:
0x0098	0x1283      	BCF        STATUS, 5
0x0099	0x1688      	BSF        LCD_D5, BitPos(LCD_D5+0)
L__Lcd_Cmd26:
;__Lib_Lcd.c,23 :: 		
0x009A	0x1683      	BSF        STATUS, 5
0x009B	0x1A29      	BTFSC      FARG_Lcd_Cmd_out_char, 4
0x009C	0x28A0      	GOTO       L__Lcd_Cmd27
0x009D	0x1283      	BCF        STATUS, 5
0x009E	0x1208      	BCF        LCD_D4, BitPos(LCD_D4+0)
0x009F	0x28A2      	GOTO       L__Lcd_Cmd28
L__Lcd_Cmd27:
0x00A0	0x1283      	BCF        STATUS, 5
0x00A1	0x1608      	BSF        LCD_D4, BitPos(LCD_D4+0)
L__Lcd_Cmd28:
;__Lib_Lcd.c,25 :: 		
0x00A2	0x1861      	BTFSC      __Lib_Lcd_cmd_status, BitPos(__Lib_Lcd_cmd_status+0)
0x00A3	0x28A6      	GOTO       L__Lcd_Cmd29
0x00A4	0x1508      	BSF        LCD_RS, BitPos(LCD_RS+0)
0x00A5	0x28A7      	GOTO       L__Lcd_Cmd30
L__Lcd_Cmd29:
0x00A6	0x1108      	BCF        LCD_RS, BitPos(LCD_RS+0)
L__Lcd_Cmd30:
;__Lib_Lcd.c,28 :: 		
0x00A7	0x1588      	BSF        LCD_EN, BitPos(LCD_EN+0)
;__Lib_Lcd.c,29 :: 		
0x00A8	0x204D      	CALL       _Delay_1us
;__Lib_Lcd.c,30 :: 		
0x00A9	0x1188      	BCF        LCD_EN, BitPos(LCD_EN+0)
;__Lib_Lcd.c,33 :: 		
0x00AA	0x1683      	BSF        STATUS, 5
0x00AB	0x19A9      	BTFSC      FARG_Lcd_Cmd_out_char, 3
0x00AC	0x28B0      	GOTO       L__Lcd_Cmd31
0x00AD	0x1283      	BCF        STATUS, 5
0x00AE	0x1388      	BCF        LCD_D7, BitPos(LCD_D7+0)
0x00AF	0x28B2      	GOTO       L__Lcd_Cmd32
L__Lcd_Cmd31:
0x00B0	0x1283      	BCF        STATUS, 5
0x00B1	0x1788      	BSF        LCD_D7, BitPos(LCD_D7+0)
L__Lcd_Cmd32:
;__Lib_Lcd.c,34 :: 		
0x00B2	0x1683      	BSF        STATUS, 5
0x00B3	0x1929      	BTFSC      FARG_Lcd_Cmd_out_char, 2
0x00B4	0x28B8      	GOTO       L__Lcd_Cmd33
0x00B5	0x1283      	BCF        STATUS, 5
0x00B6	0x1308      	BCF        LCD_D6, BitPos(LCD_D6+0)
0x00B7	0x28BA      	GOTO       L__Lcd_Cmd34
L__Lcd_Cmd33:
0x00B8	0x1283      	BCF        STATUS, 5
0x00B9	0x1708      	BSF        LCD_D6, BitPos(LCD_D6+0)
L__Lcd_Cmd34:
;__Lib_Lcd.c,35 :: 		
0x00BA	0x1683      	BSF        STATUS, 5
0x00BB	0x18A9      	BTFSC      FARG_Lcd_Cmd_out_char, 1
0x00BC	0x28C0      	GOTO       L__Lcd_Cmd35
0x00BD	0x1283      	BCF        STATUS, 5
0x00BE	0x1288      	BCF        LCD_D5, BitPos(LCD_D5+0)
0x00BF	0x28C2      	GOTO       L__Lcd_Cmd36
L__Lcd_Cmd35:
0x00C0	0x1283      	BCF        STATUS, 5
0x00C1	0x1688      	BSF        LCD_D5, BitPos(LCD_D5+0)
L__Lcd_Cmd36:
;__Lib_Lcd.c,36 :: 		
0x00C2	0x1683      	BSF        STATUS, 5
0x00C3	0x1829      	BTFSC      FARG_Lcd_Cmd_out_char, 0
0x00C4	0x28C8      	GOTO       L__Lcd_Cmd37
0x00C5	0x1283      	BCF        STATUS, 5
0x00C6	0x1208      	BCF        LCD_D4, BitPos(LCD_D4+0)
0x00C7	0x28CA      	GOTO       L__Lcd_Cmd38
L__Lcd_Cmd37:
0x00C8	0x1283      	BCF        STATUS, 5
0x00C9	0x1608      	BSF        LCD_D4, BitPos(LCD_D4+0)
L__Lcd_Cmd38:
;__Lib_Lcd.c,38 :: 		
0x00CA	0x1861      	BTFSC      __Lib_Lcd_cmd_status, BitPos(__Lib_Lcd_cmd_status+0)
0x00CB	0x28CE      	GOTO       L__Lcd_Cmd39
0x00CC	0x1508      	BSF        LCD_RS, BitPos(LCD_RS+0)
0x00CD	0x28CF      	GOTO       L__Lcd_Cmd40
L__Lcd_Cmd39:
0x00CE	0x1108      	BCF        LCD_RS, BitPos(LCD_RS+0)
L__Lcd_Cmd40:
;__Lib_Lcd.c,40 :: 		
0x00CF	0x1588      	BSF        LCD_EN, BitPos(LCD_EN+0)
;__Lib_Lcd.c,41 :: 		
0x00D0	0x204D      	CALL       _Delay_1us
;__Lib_Lcd.c,42 :: 		
0x00D1	0x1188      	BCF        LCD_EN, BitPos(LCD_EN+0)
;__Lib_Lcd.c,44 :: 		
0x00D2	0x1C61      	BTFSS      __Lib_Lcd_cmd_status, BitPos(__Lib_Lcd_cmd_status+0)
0x00D3	0x28D6      	GOTO       L_Lcd_Cmd0
;__Lib_Lcd.c,45 :: 		
0x00D4	0x2057      	CALL       _Delay_5500us
0x00D5	0x28D7      	GOTO       L_Lcd_Cmd1
L_Lcd_Cmd0:
;__Lib_Lcd.c,47 :: 		
0x00D6	0x2050      	CALL       _Delay_50us
L_Lcd_Cmd1:
;__Lib_Lcd.c,48 :: 		
L_end_Lcd_Cmd:
0x00D7	0x0008      	RETURN
; end of _Lcd_Cmd
_Lcd_Chr_CP:
;__Lib_Lcd.c,50 :: 		
;__Lib_Lcd.c,52 :: 		
0x00D8	0x1283      	BCF        STATUS, 5
0x00D9	0x1303      	BCF        STATUS, 6
0x00DA	0x1061      	BCF        __Lib_Lcd_cmd_status, BitPos(__Lib_Lcd_cmd_status+0)
;__Lib_Lcd.c,53 :: 		
0x00DB	0x1683      	BSF        STATUS, 5
0x00DC	0x0824      	MOVF       FARG_Lcd_Chr_CP_out_char, 0
0x00DD	0x00A9      	MOVWF      FARG_Lcd_Cmd_out_char
0x00DE	0x2081      	CALL       _Lcd_Cmd
;__Lib_Lcd.c,54 :: 		
0x00DF	0x1461      	BSF        __Lib_Lcd_cmd_status, BitPos(__Lib_Lcd_cmd_status+0)
;__Lib_Lcd.c,55 :: 		
L_end_Lcd_Chr_CP:
0x00E0	0x0008      	RETURN
; end of _Lcd_Chr_CP
_WordToStr:
;__Lib_Conversions.c,84 :: 		
;__Lib_Conversions.c,89 :: 		
0x00E1	0x1683      	BSF        STATUS, 5
0x00E2	0x1303      	BCF        STATUS, 6
0x00E3	0x01A7      	CLRF       WordToStr_len_L0
L_WordToStr6:
0x00E4	0x3005      	MOVLW      5
0x00E5	0x0227      	SUBWF      WordToStr_len_L0, 0
0x00E6	0x1803      	BTFSC      STATUS, 0
0x00E7	0x28EF      	GOTO       L_WordToStr7
;__Lib_Conversions.c,90 :: 		
0x00E8	0x0827      	MOVF       WordToStr_len_L0, 0
0x00E9	0x0726      	ADDWF      FARG_WordToStr_output, 0
0x00EA	0x0084      	MOVWF      FSR
0x00EB	0x3020      	MOVLW      32
0x00EC	0x0080      	MOVWF      INDF
;__Lib_Conversions.c,89 :: 		
0x00ED	0x0AA7      	INCF       WordToStr_len_L0, 1
;__Lib_Conversions.c,90 :: 		
0x00EE	0x28E4      	GOTO       L_WordToStr6
L_WordToStr7:
;__Lib_Conversions.c,91 :: 		
0x00EF	0x0827      	MOVF       WordToStr_len_L0, 0
0x00F0	0x0726      	ADDWF      FARG_WordToStr_output, 0
0x00F1	0x0084      	MOVWF      FSR
0x00F2	0x0180      	CLRF       INDF
0x00F3	0x03A7      	DECF       WordToStr_len_L0, 1
;__Lib_Conversions.c,93 :: 		
L_WordToStr9:
;__Lib_Conversions.c,94 :: 		
0x00F4	0x0827      	MOVF       WordToStr_len_L0, 0
0x00F5	0x0726      	ADDWF      FARG_WordToStr_output, 0
0x00F6	0x00A8      	MOVWF      FLOC__WordToStr
0x00F7	0x300A      	MOVLW      10
0x00F8	0x00F4      	MOVWF      R4
0x00F9	0x01F5      	CLRF       R4+1
0x00FA	0x0824      	MOVF       FARG_WordToStr_input, 0
0x00FB	0x00F0      	MOVWF      R0
0x00FC	0x0825      	MOVF       FARG_WordToStr_input+1, 0
0x00FD	0x00F1      	MOVWF      R0+1
0x00FE	0x2064      	CALL       _Div_16X16_U
0x00FF	0x0878      	MOVF       R8, 0
0x0100	0x00F0      	MOVWF      R0
0x0101	0x0879      	MOVF       R8+1, 0
0x0102	0x00F1      	MOVWF      R0+1
0x0103	0x3030      	MOVLW      48
0x0104	0x07F0      	ADDWF      R0, 1
0x0105	0x1683      	BSF        STATUS, 5
0x0106	0x0828      	MOVF       FLOC__WordToStr, 0
0x0107	0x0084      	MOVWF      FSR
0x0108	0x0870      	MOVF       R0, 0
0x0109	0x0080      	MOVWF      INDF
;__Lib_Conversions.c,95 :: 		
0x010A	0x300A      	MOVLW      10
0x010B	0x00F4      	MOVWF      R4
0x010C	0x01F5      	CLRF       R4+1
0x010D	0x0824      	MOVF       FARG_WordToStr_input, 0
0x010E	0x00F0      	MOVWF      R0
0x010F	0x0825      	MOVF       FARG_WordToStr_input+1, 0
0x0110	0x00F1      	MOVWF      R0+1
0x0111	0x2064      	CALL       _Div_16X16_U
0x0112	0x0870      	MOVF       R0, 0
0x0113	0x1683      	BSF        STATUS, 5
0x0114	0x00A4      	MOVWF      FARG_WordToStr_input
0x0115	0x0871      	MOVF       R0+1, 0
0x0116	0x00A5      	MOVWF      FARG_WordToStr_input+1
;__Lib_Conversions.c,96 :: 		
0x0117	0x3000      	MOVLW      0
0x0118	0x0671      	XORWF      R0+1, 0
0x0119	0x1D03      	BTFSS      STATUS, 2
0x011A	0x291D      	GOTO       L__WordToStr109
0x011B	0x3000      	MOVLW      0
0x011C	0x0670      	XORWF      R0, 0
L__WordToStr109:
0x011D	0x1D03      	BTFSS      STATUS, 2
0x011E	0x2920      	GOTO       L_WordToStr11
;__Lib_Conversions.c,97 :: 		
0x011F	0x2922      	GOTO       L_WordToStr10
L_WordToStr11:
;__Lib_Conversions.c,98 :: 		
0x0120	0x03A7      	DECF       WordToStr_len_L0, 1
;__Lib_Conversions.c,99 :: 		
0x0121	0x28F4      	GOTO       L_WordToStr9
L_WordToStr10:
;__Lib_Conversions.c,100 :: 		
L_end_WordToStr:
0x0122	0x0008      	RETURN
; end of _WordToStr
_____DoICP:
;__Lib_System.c,6 :: 		
;__Lib_System.c,9 :: 		
0x0123	0x1283      	BCF        STATUS, 5
0x0124	0x1303      	BCF        STATUS, 6
0x0125	0x085E      	MOVF       ___DoICPAddr+1, 0
0x0126	0x008A      	MOVWF      PCLATH
;__Lib_System.c,10 :: 		
0x0127	0x085D      	MOVF       ___DoICPAddr, 0
0x0128	0x0082      	MOVWF      PCL
;__Lib_System.c,12 :: 		
L_end_____DoICP:
0x0129	0x0008      	RETURN
; end of _____DoICP
_IntToStr:
;__Lib_Conversions.c,146 :: 		
;__Lib_Conversions.c,152 :: 		
0x012A	0x1683      	BSF        STATUS, 5
0x012B	0x1303      	BCF        STATUS, 6
0x012C	0x01A0      	CLRF       IntToStr_negative_L0
0x012D	0x01A1      	CLRF       IntToStr_negative_L0+1
;__Lib_Conversions.c,153 :: 		
0x012E	0x1283      	BCF        STATUS, 5
0x012F	0x086B      	MOVF       FARG_IntToStr_input, 0
0x0130	0x1683      	BSF        STATUS, 5
0x0131	0x00A2      	MOVWF      IntToStr_inword_L0
0x0132	0x1283      	BCF        STATUS, 5
0x0133	0x086C      	MOVF       FARG_IntToStr_input+1, 0
0x0134	0x1683      	BSF        STATUS, 5
0x0135	0x00A3      	MOVWF      IntToStr_inword_L0+1
;__Lib_Conversions.c,154 :: 		
0x0136	0x3080      	MOVLW      128
0x0137	0x1283      	BCF        STATUS, 5
0x0138	0x066C      	XORWF      FARG_IntToStr_input+1, 0
0x0139	0x00F0      	MOVWF      R0
0x013A	0x3080      	MOVLW      128
0x013B	0x0270      	SUBWF      R0, 0
0x013C	0x1D03      	BTFSS      STATUS, 2
0x013D	0x2940      	GOTO       L__IntToStr115
0x013E	0x3000      	MOVLW      0
0x013F	0x026B      	SUBWF      FARG_IntToStr_input, 0
L__IntToStr115:
0x0140	0x1803      	BTFSC      STATUS, 0
0x0141	0x2953      	GOTO       L_IntToStr23
;__Lib_Conversions.c,155 :: 		
0x0142	0x3001      	MOVLW      1
0x0143	0x1683      	BSF        STATUS, 5
0x0144	0x00A0      	MOVWF      IntToStr_negative_L0
0x0145	0x3000      	MOVLW      0
0x0146	0x00A1      	MOVWF      IntToStr_negative_L0+1
;__Lib_Conversions.c,156 :: 		
0x0147	0x1283      	BCF        STATUS, 5
0x0148	0x086B      	MOVF       FARG_IntToStr_input, 0
0x0149	0x3C00      	SUBLW      0
0x014A	0x1683      	BSF        STATUS, 5
0x014B	0x00A2      	MOVWF      IntToStr_inword_L0
0x014C	0x1283      	BCF        STATUS, 5
0x014D	0x086C      	MOVF       FARG_IntToStr_input+1, 0
0x014E	0x1C03      	BTFSS      STATUS, 0
0x014F	0x3E01      	ADDLW      1
0x0150	0x1683      	BSF        STATUS, 5
0x0151	0x01A3      	CLRF       IntToStr_inword_L0+1
0x0152	0x02A3      	SUBWF      IntToStr_inword_L0+1, 1
;__Lib_Conversions.c,157 :: 		
L_IntToStr23:
0x0153	0x1683      	BSF        STATUS, 5
;__Lib_Conversions.c,158 :: 		
0x0154	0x0822      	MOVF       IntToStr_inword_L0, 0
0x0155	0x00A4      	MOVWF      FARG_WordToStr_input
0x0156	0x0823      	MOVF       IntToStr_inword_L0+1, 0
0x0157	0x00A5      	MOVWF      FARG_WordToStr_input+1
0x0158	0x1283      	BCF        STATUS, 5
0x0159	0x086D      	MOVF       FARG_IntToStr_output, 0
0x015A	0x1683      	BSF        STATUS, 5
0x015B	0x00A6      	MOVWF      FARG_WordToStr_output
0x015C	0x20E1      	CALL       _WordToStr
;__Lib_Conversions.c,160 :: 		
0x015D	0x3006      	MOVLW      6
0x015E	0x1283      	BCF        STATUS, 5
0x015F	0x00EE      	MOVWF      IntToStr_i_L0
0x0160	0x3000      	MOVLW      0
0x0161	0x00EF      	MOVWF      IntToStr_i_L0+1
;__Lib_Conversions.c,161 :: 		
L_IntToStr24:
0x0162	0x086F      	MOVF       IntToStr_i_L0+1, 0
0x0163	0x3C00      	SUBLW      0
0x0164	0x1D03      	BTFSS      STATUS, 2
0x0165	0x2968      	GOTO       L__IntToStr116
0x0166	0x086E      	MOVF       IntToStr_i_L0, 0
0x0167	0x3C00      	SUBLW      0
L__IntToStr116:
0x0168	0x1803      	BTFSC      STATUS, 0
0x0169	0x2983      	GOTO       L_IntToStr25
;__Lib_Conversions.c,162 :: 		
0x016A	0x086E      	MOVF       IntToStr_i_L0, 0
0x016B	0x076D      	ADDWF      FARG_IntToStr_output, 0
0x016C	0x00F2      	MOVWF      R2
0x016D	0x3001      	MOVLW      1
0x016E	0x026E      	SUBWF      IntToStr_i_L0, 0
0x016F	0x00F0      	MOVWF      R0
0x0170	0x3000      	MOVLW      0
0x0171	0x1C03      	BTFSS      STATUS, 0
0x0172	0x3E01      	ADDLW      1
0x0173	0x026F      	SUBWF      IntToStr_i_L0+1, 0
0x0174	0x00F1      	MOVWF      R0+1
0x0175	0x0870      	MOVF       R0, 0
0x0176	0x076D      	ADDWF      FARG_IntToStr_output, 0
0x0177	0x0084      	MOVWF      FSR
0x0178	0x0800      	MOVF       INDF, 0
0x0179	0x00F0      	MOVWF      R0
0x017A	0x0872      	MOVF       R2, 0
0x017B	0x0084      	MOVWF      FSR
0x017C	0x0870      	MOVF       R0, 0
0x017D	0x0080      	MOVWF      INDF
;__Lib_Conversions.c,163 :: 		
0x017E	0x3001      	MOVLW      1
0x017F	0x02EE      	SUBWF      IntToStr_i_L0, 1
0x0180	0x1C03      	BTFSS      STATUS, 0
0x0181	0x03EF      	DECF       IntToStr_i_L0+1, 1
;__Lib_Conversions.c,164 :: 		
0x0182	0x2962      	GOTO       L_IntToStr24
L_IntToStr25:
;__Lib_Conversions.c,165 :: 		
0x0183	0x086D      	MOVF       FARG_IntToStr_output, 0
0x0184	0x0084      	MOVWF      FSR
0x0185	0x3020      	MOVLW      32
0x0186	0x0080      	MOVWF      INDF
;__Lib_Conversions.c,166 :: 		
0x0187	0x1683      	BSF        STATUS, 5
0x0188	0x0820      	MOVF       IntToStr_negative_L0, 0
0x0189	0x0421      	IORWF      IntToStr_negative_L0+1, 0
0x018A	0x1903      	BTFSC      STATUS, 2
0x018B	0x29A3      	GOTO       L_IntToStr26
;__Lib_Conversions.c,167 :: 		
0x018C	0x1283      	BCF        STATUS, 5
0x018D	0x01EE      	CLRF       IntToStr_i_L0
0x018E	0x01EF      	CLRF       IntToStr_i_L0+1
;__Lib_Conversions.c,168 :: 		
L_IntToStr27:
0x018F	0x086E      	MOVF       IntToStr_i_L0, 0
0x0190	0x076D      	ADDWF      FARG_IntToStr_output, 0
0x0191	0x0084      	MOVWF      FSR
0x0192	0x0800      	MOVF       INDF, 0
0x0193	0x3A20      	XORLW      32
0x0194	0x1D03      	BTFSS      STATUS, 2
0x0195	0x299A      	GOTO       L_IntToStr28
0x0196	0x0AEE      	INCF       IntToStr_i_L0, 1
0x0197	0x1903      	BTFSC      STATUS, 2
0x0198	0x0AEF      	INCF       IntToStr_i_L0+1, 1
0x0199	0x298F      	GOTO       L_IntToStr27
L_IntToStr28:
;__Lib_Conversions.c,169 :: 		
0x019A	0x3001      	MOVLW      1
0x019B	0x02EE      	SUBWF      IntToStr_i_L0, 1
0x019C	0x1C03      	BTFSS      STATUS, 0
0x019D	0x03EF      	DECF       IntToStr_i_L0+1, 1
;__Lib_Conversions.c,170 :: 		
0x019E	0x086E      	MOVF       IntToStr_i_L0, 0
0x019F	0x076D      	ADDWF      FARG_IntToStr_output, 0
0x01A0	0x0084      	MOVWF      FSR
0x01A1	0x302D      	MOVLW      45
0x01A2	0x0080      	MOVWF      INDF
L_IntToStr26:
;__Lib_Conversions.c,171 :: 		
L_end_IntToStr:
0x01A3	0x0008      	RETURN
; end of _IntToStr
_Ltrim:
;__Lib_Conversions.c,372 :: 		
;__Lib_Conversions.c,376 :: 		
0x01A4	0x1283      	BCF        STATUS, 5
0x01A5	0x1303      	BCF        STATUS, 6
0x01A6	0x01EC      	CLRF       Ltrim_trimmed_L0
0x01A7	0x01ED      	CLRF       Ltrim_trimmed_L0+1
;__Lib_Conversions.c,377 :: 		
0x01A8	0x086B      	MOVF       FARG_Ltrim_string, 0
0x01A9	0x00F2      	MOVWF      R2
;__Lib_Conversions.c,378 :: 		
0x01AA	0x086B      	MOVF       FARG_Ltrim_string, 0
0x01AB	0x00F3      	MOVWF      R3
;__Lib_Conversions.c,379 :: 		
L_Ltrim70:
;__Lib_Conversions.c,380 :: 		
0x01AC	0x0872      	MOVF       R2, 0
0x01AD	0x0084      	MOVWF      FSR
0x01AE	0x0800      	MOVF       INDF, 0
0x01AF	0x3A20      	XORLW      32
0x01B0	0x1D03      	BTFSS      STATUS, 2
0x01B1	0x29B7      	GOTO       L__Ltrim99
0x01B2	0x086C      	MOVF       Ltrim_trimmed_L0, 0
0x01B3	0x046D      	IORWF      Ltrim_trimmed_L0+1, 0
0x01B4	0x1D03      	BTFSS      STATUS, 2
0x01B5	0x29B7      	GOTO       L__Ltrim99
0x01B6	0x29C4      	GOTO       L_Ltrim75
L__Ltrim99:
;__Lib_Conversions.c,381 :: 		
0x01B7	0x3001      	MOVLW      1
0x01B8	0x00EC      	MOVWF      Ltrim_trimmed_L0
0x01B9	0x3000      	MOVLW      0
0x01BA	0x00ED      	MOVWF      Ltrim_trimmed_L0+1
;__Lib_Conversions.c,382 :: 		
0x01BB	0x0872      	MOVF       R2, 0
0x01BC	0x0084      	MOVWF      FSR
0x01BD	0x0800      	MOVF       INDF, 0
0x01BE	0x00F0      	MOVWF      R0
0x01BF	0x0873      	MOVF       R3, 0
0x01C0	0x0084      	MOVWF      FSR
0x01C1	0x0870      	MOVF       R0, 0
0x01C2	0x0080      	MOVWF      INDF
0x01C3	0x0AF3      	INCF       R3, 1
;__Lib_Conversions.c,383 :: 		
L_Ltrim75:
;__Lib_Conversions.c,385 :: 		
0x01C4	0x0872      	MOVF       R2, 0
0x01C5	0x00F1      	MOVWF      R1
0x01C6	0x0AF2      	INCF       R2, 1
0x01C7	0x0871      	MOVF       R1, 0
0x01C8	0x0084      	MOVWF      FSR
0x01C9	0x0800      	MOVF       INDF, 0
0x01CA	0x3A00      	XORLW      0
0x01CB	0x1D03      	BTFSS      STATUS, 2
0x01CC	0x29AC      	GOTO       L_Ltrim70
;__Lib_Conversions.c,386 :: 		
0x01CD	0x086B      	MOVF       FARG_Ltrim_string, 0
0x01CE	0x00F0      	MOVWF      R0
;__Lib_Conversions.c,387 :: 		
L_end_Ltrim:
0x01CF	0x0008      	RETURN
; end of _Ltrim
___CC2DW:
;__Lib_System.c,134 :: 		
;__Lib_System.c,137 :: 		
_CC2D_Loop1:
;__Lib_System.c,139 :: 		
0x01D0	0x2123      	CALL       _____DoICP
0x01D1	0x118A      	BCF        PCLATH, 3
0x01D2	0x120A      	BCF        PCLATH, 4
;__Lib_System.c,141 :: 		
0x01D3	0x0080      	MOVWF      INDF
;__Lib_System.c,142 :: 		
0x01D4	0x0A84      	INCF       FSR, 1
;__Lib_System.c,143 :: 		
0x01D5	0x0ADD      	INCF       ___DoICPAddr, 1
;__Lib_System.c,145 :: 		
0x01D6	0x1903      	BTFSC      STATUS, 2
;__Lib_System.c,146 :: 		
0x01D7	0x0ADE      	INCF       ___DoICPAddr+1, 1
;__Lib_System.c,147 :: 		
0x01D8	0x03F0      	DECF       R0, 1
;__Lib_System.c,149 :: 		
0x01D9	0x1D03      	BTFSS      STATUS, 2
;__Lib_System.c,150 :: 		
0x01DA	0x29D0      	GOTO       _CC2D_Loop1
;__Lib_System.c,152 :: 		
L_end___CC2DW:
0x01DB	0x0008      	RETURN
; end of ___CC2DW
_Lcd_Init:
;__Lib_Lcd.c,84 :: 		
;__Lib_Lcd.c,86 :: 		
0x01DC	0x1683      	BSF        STATUS, 5
0x01DD	0x1303      	BCF        STATUS, 6
0x01DE	0x1188      	BCF        LCD_EN_Direction, BitPos(LCD_EN_Direction+0)
;__Lib_Lcd.c,87 :: 		
0x01DF	0x1108      	BCF        LCD_RS_Direction, BitPos(LCD_RS_Direction+0)
;__Lib_Lcd.c,88 :: 		
0x01E0	0x1208      	BCF        LCD_D4_Direction, BitPos(LCD_D4_Direction+0)
;__Lib_Lcd.c,89 :: 		
0x01E1	0x1288      	BCF        LCD_D5_Direction, BitPos(LCD_D5_Direction+0)
;__Lib_Lcd.c,90 :: 		
0x01E2	0x1308      	BCF        LCD_D6_Direction, BitPos(LCD_D6_Direction+0)
;__Lib_Lcd.c,91 :: 		
0x01E3	0x1388      	BCF        LCD_D7_Direction, BitPos(LCD_D7_Direction+0)
;__Lib_Lcd.c,93 :: 		
0x01E4	0x1283      	BCF        STATUS, 5
0x01E5	0x1188      	BCF        LCD_EN, BitPos(LCD_EN+0)
;__Lib_Lcd.c,94 :: 		
0x01E6	0x1108      	BCF        LCD_RS, BitPos(LCD_RS+0)
;__Lib_Lcd.c,95 :: 		
0x01E7	0x1388      	BCF        LCD_D7, BitPos(LCD_D7+0)
;__Lib_Lcd.c,96 :: 		
0x01E8	0x1308      	BCF        LCD_D6, BitPos(LCD_D6+0)
;__Lib_Lcd.c,97 :: 		
0x01E9	0x1288      	BCF        LCD_D5, BitPos(LCD_D5+0)
;__Lib_Lcd.c,98 :: 		
0x01EA	0x1208      	BCF        LCD_D4, BitPos(LCD_D4+0)
;__Lib_Lcd.c,100 :: 		
0x01EB	0x2057      	CALL       _Delay_5500us
;__Lib_Lcd.c,101 :: 		
0x01EC	0x2057      	CALL       _Delay_5500us
;__Lib_Lcd.c,102 :: 		
0x01ED	0x2057      	CALL       _Delay_5500us
;__Lib_Lcd.c,105 :: 		
0x01EE	0x1688      	BSF        LCD_D5, BitPos(LCD_D5+0)
;__Lib_Lcd.c,106 :: 		
0x01EF	0x1608      	BSF        LCD_D4, BitPos(LCD_D4+0)
;__Lib_Lcd.c,107 :: 		
0x01F0	0x1588      	BSF        LCD_EN, BitPos(LCD_EN+0)
;__Lib_Lcd.c,108 :: 		
0x01F1	0x204D      	CALL       _Delay_1us
;__Lib_Lcd.c,109 :: 		
0x01F2	0x1188      	BCF        LCD_EN, BitPos(LCD_EN+0)
;__Lib_Lcd.c,110 :: 		
0x01F3	0x2057      	CALL       _Delay_5500us
;__Lib_Lcd.c,112 :: 		
0x01F4	0x1588      	BSF        LCD_EN, BitPos(LCD_EN+0)
;__Lib_Lcd.c,113 :: 		
0x01F5	0x204D      	CALL       _Delay_1us
;__Lib_Lcd.c,114 :: 		
0x01F6	0x1188      	BCF        LCD_EN, BitPos(LCD_EN+0)
;__Lib_Lcd.c,115 :: 		
0x01F7	0x2057      	CALL       _Delay_5500us
;__Lib_Lcd.c,117 :: 		
0x01F8	0x1588      	BSF        LCD_EN, BitPos(LCD_EN+0)
;__Lib_Lcd.c,118 :: 		
0x01F9	0x204D      	CALL       _Delay_1us
;__Lib_Lcd.c,119 :: 		
0x01FA	0x1188      	BCF        LCD_EN, BitPos(LCD_EN+0)
;__Lib_Lcd.c,120 :: 		
0x01FB	0x2057      	CALL       _Delay_5500us
;__Lib_Lcd.c,123 :: 		
0x01FC	0x1208      	BCF        LCD_D4, BitPos(LCD_D4+0)
;__Lib_Lcd.c,124 :: 		
0x01FD	0x1588      	BSF        LCD_EN, BitPos(LCD_EN+0)
;__Lib_Lcd.c,125 :: 		
0x01FE	0x204D      	CALL       _Delay_1us
;__Lib_Lcd.c,126 :: 		
0x01FF	0x1188      	BCF        LCD_EN, BitPos(LCD_EN+0)
;__Lib_Lcd.c,127 :: 		
0x0200	0x2057      	CALL       _Delay_5500us
;__Lib_Lcd.c,130 :: 		
0x0201	0x1588      	BSF        LCD_EN, BitPos(LCD_EN+0)
;__Lib_Lcd.c,131 :: 		
0x0202	0x204D      	CALL       _Delay_1us
;__Lib_Lcd.c,132 :: 		
0x0203	0x1188      	BCF        LCD_EN, BitPos(LCD_EN+0)
;__Lib_Lcd.c,134 :: 		
0x0204	0x1288      	BCF        LCD_D5, BitPos(LCD_D5+0)
;__Lib_Lcd.c,135 :: 		
0x0205	0x1788      	BSF        LCD_D7, BitPos(LCD_D7+0)
;__Lib_Lcd.c,136 :: 		
0x0206	0x1588      	BSF        LCD_EN, BitPos(LCD_EN+0)
;__Lib_Lcd.c,137 :: 		
0x0207	0x204D      	CALL       _Delay_1us
;__Lib_Lcd.c,138 :: 		
0x0208	0x1188      	BCF        LCD_EN, BitPos(LCD_EN+0)
;__Lib_Lcd.c,139 :: 		
0x0209	0x2057      	CALL       _Delay_5500us
;__Lib_Lcd.c,142 :: 		
0x020A	0x1388      	BCF        LCD_D7, BitPos(LCD_D7+0)
;__Lib_Lcd.c,143 :: 		
0x020B	0x1608      	BSF        LCD_D4, BitPos(LCD_D4+0)
;__Lib_Lcd.c,144 :: 		
0x020C	0x1588      	BSF        LCD_EN, BitPos(LCD_EN+0)
;__Lib_Lcd.c,145 :: 		
0x020D	0x204D      	CALL       _Delay_1us
;__Lib_Lcd.c,146 :: 		
0x020E	0x1188      	BCF        LCD_EN, BitPos(LCD_EN+0)
;__Lib_Lcd.c,148 :: 		
0x020F	0x1208      	BCF        LCD_D4, BitPos(LCD_D4+0)
;__Lib_Lcd.c,149 :: 		
0x0210	0x1588      	BSF        LCD_EN, BitPos(LCD_EN+0)
;__Lib_Lcd.c,150 :: 		
0x0211	0x204D      	CALL       _Delay_1us
;__Lib_Lcd.c,151 :: 		
0x0212	0x1188      	BCF        LCD_EN, BitPos(LCD_EN+0)
;__Lib_Lcd.c,152 :: 		
0x0213	0x2057      	CALL       _Delay_5500us
;__Lib_Lcd.c,155 :: 		
0x0214	0x1588      	BSF        LCD_EN, BitPos(LCD_EN+0)
;__Lib_Lcd.c,156 :: 		
0x0215	0x204D      	CALL       _Delay_1us
;__Lib_Lcd.c,157 :: 		
0x0216	0x1188      	BCF        LCD_EN, BitPos(LCD_EN+0)
;__Lib_Lcd.c,159 :: 		
0x0217	0x1608      	BSF        LCD_D4, BitPos(LCD_D4+0)
;__Lib_Lcd.c,160 :: 		
0x0218	0x1588      	BSF        LCD_EN, BitPos(LCD_EN+0)
;__Lib_Lcd.c,161 :: 		
0x0219	0x204D      	CALL       _Delay_1us
;__Lib_Lcd.c,162 :: 		
0x021A	0x1188      	BCF        LCD_EN, BitPos(LCD_EN+0)
;__Lib_Lcd.c,163 :: 		
0x021B	0x2057      	CALL       _Delay_5500us
;__Lib_Lcd.c,166 :: 		
0x021C	0x1208      	BCF        LCD_D4, BitPos(LCD_D4+0)
;__Lib_Lcd.c,167 :: 		
0x021D	0x1588      	BSF        LCD_EN, BitPos(LCD_EN+0)
;__Lib_Lcd.c,168 :: 		
0x021E	0x204D      	CALL       _Delay_1us
;__Lib_Lcd.c,169 :: 		
0x021F	0x1188      	BCF        LCD_EN, BitPos(LCD_EN+0)
;__Lib_Lcd.c,171 :: 		
0x0220	0x1788      	BSF        LCD_D7, BitPos(LCD_D7+0)
;__Lib_Lcd.c,172 :: 		
0x0221	0x1708      	BSF        LCD_D6, BitPos(LCD_D6+0)
;__Lib_Lcd.c,173 :: 		
0x0222	0x1688      	BSF        LCD_D5, BitPos(LCD_D5+0)
;__Lib_Lcd.c,174 :: 		
0x0223	0x1608      	BSF        LCD_D4, BitPos(LCD_D4+0)
;__Lib_Lcd.c,175 :: 		
0x0224	0x1588      	BSF        LCD_EN, BitPos(LCD_EN+0)
;__Lib_Lcd.c,176 :: 		
0x0225	0x204D      	CALL       _Delay_1us
;__Lib_Lcd.c,177 :: 		
0x0226	0x1188      	BCF        LCD_EN, BitPos(LCD_EN+0)
;__Lib_Lcd.c,179 :: 		
0x0227	0x2057      	CALL       _Delay_5500us
;__Lib_Lcd.c,181 :: 		
0x0228	0x1461      	BSF        __Lib_Lcd_cmd_status, BitPos(__Lib_Lcd_cmd_status+0)
;__Lib_Lcd.c,182 :: 		
L_end_Lcd_Init:
0x0229	0x0008      	RETURN
; end of _Lcd_Init
_Lcd_Out:
;__Lib_Lcd.c,184 :: 		
;__Lib_Lcd.c,187 :: 		
0x022A	0x2A3C      	GOTO       L_Lcd_Out11
;__Lib_Lcd.c,188 :: 		
L_Lcd_Out13:
0x022B	0x3080      	MOVLW      128
0x022C	0x1283      	BCF        STATUS, 5
0x022D	0x1303      	BCF        STATUS, 6
0x022E	0x00EB      	MOVWF      FARG_Lcd_Out_row
0x022F	0x2A4F      	GOTO       L_Lcd_Out12
;__Lib_Lcd.c,189 :: 		
L_Lcd_Out14:
0x0230	0x30C0      	MOVLW      192
0x0231	0x00EB      	MOVWF      FARG_Lcd_Out_row
0x0232	0x2A4F      	GOTO       L_Lcd_Out12
;__Lib_Lcd.c,190 :: 		
L_Lcd_Out15:
0x0233	0x3094      	MOVLW      148
0x0234	0x00EB      	MOVWF      FARG_Lcd_Out_row
0x0235	0x2A4F      	GOTO       L_Lcd_Out12
;__Lib_Lcd.c,191 :: 		
L_Lcd_Out16:
0x0236	0x30D4      	MOVLW      212
0x0237	0x00EB      	MOVWF      FARG_Lcd_Out_row
0x0238	0x2A4F      	GOTO       L_Lcd_Out12
;__Lib_Lcd.c,192 :: 		
L_Lcd_Out17:
0x0239	0x3080      	MOVLW      128
0x023A	0x00EB      	MOVWF      FARG_Lcd_Out_row
;__Lib_Lcd.c,193 :: 		
0x023B	0x2A4F      	GOTO       L_Lcd_Out12
L_Lcd_Out11:
0x023C	0x1283      	BCF        STATUS, 5
0x023D	0x1303      	BCF        STATUS, 6
0x023E	0x086B      	MOVF       FARG_Lcd_Out_row, 0
0x023F	0x3A01      	XORLW      1
0x0240	0x1903      	BTFSC      STATUS, 2
0x0241	0x2A2B      	GOTO       L_Lcd_Out13
0x0242	0x086B      	MOVF       FARG_Lcd_Out_row, 0
0x0243	0x3A02      	XORLW      2
0x0244	0x1903      	BTFSC      STATUS, 2
0x0245	0x2A30      	GOTO       L_Lcd_Out14
0x0246	0x086B      	MOVF       FARG_Lcd_Out_row, 0
0x0247	0x3A03      	XORLW      3
0x0248	0x1903      	BTFSC      STATUS, 2
0x0249	0x2A33      	GOTO       L_Lcd_Out15
0x024A	0x086B      	MOVF       FARG_Lcd_Out_row, 0
0x024B	0x3A04      	XORLW      4
0x024C	0x1903      	BTFSC      STATUS, 2
0x024D	0x2A36      	GOTO       L_Lcd_Out16
0x024E	0x2A39      	GOTO       L_Lcd_Out17
L_Lcd_Out12:
;__Lib_Lcd.c,194 :: 		
0x024F	0x036C      	DECF       FARG_Lcd_Out_column, 0
0x0250	0x00F0      	MOVWF      R0
0x0251	0x086B      	MOVF       FARG_Lcd_Out_row, 0
0x0252	0x07F0      	ADDWF      R0, 1
0x0253	0x0870      	MOVF       R0, 0
0x0254	0x00EB      	MOVWF      FARG_Lcd_Out_row
;__Lib_Lcd.c,196 :: 		
0x0255	0x0870      	MOVF       R0, 0
0x0256	0x1683      	BSF        STATUS, 5
0x0257	0x00A9      	MOVWF      FARG_Lcd_Cmd_out_char
0x0258	0x2081      	CALL       _Lcd_Cmd
;__Lib_Lcd.c,197 :: 		
0x0259	0x1061      	BCF        __Lib_Lcd_cmd_status, BitPos(__Lib_Lcd_cmd_status+0)
;__Lib_Lcd.c,198 :: 		
0x025A	0x01EE      	CLRF       Lcd_Out_i_L0
;__Lib_Lcd.c,199 :: 		
L_Lcd_Out18:
0x025B	0x086E      	MOVF       Lcd_Out_i_L0, 0
0x025C	0x076D      	ADDWF      FARG_Lcd_Out_text, 0
0x025D	0x0084      	MOVWF      FSR
0x025E	0x0800      	MOVF       INDF, 0
0x025F	0x1903      	BTFSC      STATUS, 2
0x0260	0x2A6A      	GOTO       L_Lcd_Out19
;__Lib_Lcd.c,200 :: 		
0x0261	0x086E      	MOVF       Lcd_Out_i_L0, 0
0x0262	0x076D      	ADDWF      FARG_Lcd_Out_text, 0
0x0263	0x0084      	MOVWF      FSR
0x0264	0x0800      	MOVF       INDF, 0
0x0265	0x1683      	BSF        STATUS, 5
0x0266	0x00A4      	MOVWF      FARG_Lcd_Chr_CP_out_char
0x0267	0x20D8      	CALL       _Lcd_Chr_CP
0x0268	0x0AEE      	INCF       Lcd_Out_i_L0, 1
0x0269	0x2A5B      	GOTO       L_Lcd_Out18
L_Lcd_Out19:
;__Lib_Lcd.c,201 :: 		
0x026A	0x1461      	BSF        __Lib_Lcd_cmd_status, BitPos(__Lib_Lcd_cmd_status+0)
;__Lib_Lcd.c,202 :: 		
L_end_Lcd_Out:
0x026B	0x0008      	RETURN
; end of _Lcd_Out
_main:
0x026C	0x234A      	CALL       842
;hc-sr04 interface with pic16.c,37 :: 		void main()
;hc-sr04 interface with pic16.c,40 :: 		Lcd_Init();
0x026D	0x21DC      	CALL       _Lcd_Init
;hc-sr04 interface with pic16.c,41 :: 		Lcd_Cmd(_LCD_CLEAR);                 // Clear display
0x026E	0x3001      	MOVLW      1
0x026F	0x1683      	BSF        STATUS, 5
0x0270	0x00A9      	MOVWF      FARG_Lcd_Cmd_out_char
0x0271	0x2081      	CALL       _Lcd_Cmd
;hc-sr04 interface with pic16.c,42 :: 		Lcd_Cmd(_LCD_CURSOR_OFF);            // Cursor off
0x0272	0x300C      	MOVLW      12
0x0273	0x1683      	BSF        STATUS, 5
0x0274	0x00A9      	MOVWF      FARG_Lcd_Cmd_out_char
0x0275	0x2081      	CALL       _Lcd_Cmd
;hc-sr04 interface with pic16.c,44 :: 		TRISB = 0b00010000;
0x0276	0x3010      	MOVLW      16
0x0277	0x1683      	BSF        STATUS, 5
0x0278	0x0086      	MOVWF      TRISB
;hc-sr04 interface with pic16.c,45 :: 		INTCON.GIE = 1;                      //Global Interrupt Enable
0x0279	0x178B      	BSF        INTCON, 7
;hc-sr04 interface with pic16.c,46 :: 		INTCON.RBIF = 0;                     //Clear PORTB On-Change Interrupt Flag
0x027A	0x100B      	BCF        INTCON, 0
;hc-sr04 interface with pic16.c,47 :: 		INTCON.RBIE = 1;                     //Enable PORTB On-Change Interrupt
0x027B	0x158B      	BSF        INTCON, 3
;hc-sr04 interface with pic16.c,49 :: 		Lcd_Out(1,1,"Developed By");
0x027C	0x3001      	MOVLW      1
0x027D	0x1283      	BCF        STATUS, 5
0x027E	0x00EB      	MOVWF      FARG_Lcd_Out_row
0x027F	0x3001      	MOVLW      1
0x0280	0x00EC      	MOVWF      FARG_Lcd_Out_column
0x0281	0x3044      	MOVLW      ?lstr1_hc_45sr04_32interface_32with_32pic16
0x0282	0x00ED      	MOVWF      FARG_Lcd_Out_text
0x0283	0x222A      	CALL       _Lcd_Out
;hc-sr04 interface with pic16.c,50 :: 		Lcd_Out(2,1,"electroSome");
0x0284	0x3002      	MOVLW      2
0x0285	0x00EB      	MOVWF      FARG_Lcd_Out_row
0x0286	0x3001      	MOVLW      1
0x0287	0x00EC      	MOVWF      FARG_Lcd_Out_column
0x0288	0x3051      	MOVLW      ?lstr2_hc_45sr04_32interface_32with_32pic16
0x0289	0x00ED      	MOVWF      FARG_Lcd_Out_text
0x028A	0x222A      	CALL       _Lcd_Out
;hc-sr04 interface with pic16.c,52 :: 		Delay_ms(3000);
0x028B	0x301F      	MOVLW      31
0x028C	0x00FB      	MOVWF      R11
0x028D	0x3071      	MOVLW      113
0x028E	0x00FC      	MOVWF      R12
0x028F	0x301E      	MOVLW      30
0x0290	0x00FD      	MOVWF      R13
L_main3:
0x0291	0x0BFD      	DECFSZ     R13, 1
0x0292	0x2A91      	GOTO       L_main3
0x0293	0x0BFC      	DECFSZ     R12, 1
0x0294	0x2A91      	GOTO       L_main3
0x0295	0x0BFB      	DECFSZ     R11, 1
0x0296	0x2A91      	GOTO       L_main3
0x0297	0x0000      	NOP
;hc-sr04 interface with pic16.c,53 :: 		Lcd_Cmd(_LCD_CLEAR);
0x0298	0x3001      	MOVLW      1
0x0299	0x1683      	BSF        STATUS, 5
0x029A	0x00A9      	MOVWF      FARG_Lcd_Cmd_out_char
0x029B	0x2081      	CALL       _Lcd_Cmd
;hc-sr04 interface with pic16.c,55 :: 		T1CON = 0x10;                        //Initializing Timer Module
0x029C	0x3010      	MOVLW      16
0x029D	0x0090      	MOVWF      T1CON
;hc-sr04 interface with pic16.c,57 :: 		while(1)
L_main4:
;hc-sr04 interface with pic16.c,59 :: 		TMR1H = 0;                         //Setting Initial Value of Timer
0x029E	0x018F      	CLRF       TMR1H
;hc-sr04 interface with pic16.c,60 :: 		TMR1L = 0;                         //Setting Initial Value of Timer
0x029F	0x018E      	CLRF       TMR1L
;hc-sr04 interface with pic16.c,62 :: 		a = 0;
0x02A0	0x01DF      	CLRF       _a
0x02A1	0x01E0      	CLRF       _a+1
;hc-sr04 interface with pic16.c,64 :: 		PORTB.F0 = 1;                      //TRIGGER HIGH
0x02A2	0x1406      	BSF        PORTB, 0
;hc-sr04 interface with pic16.c,65 :: 		Delay_us(10);                      //10uS Delay
0x02A3	0x3006      	MOVLW      6
0x02A4	0x00FD      	MOVWF      R13
L_main6:
0x02A5	0x0BFD      	DECFSZ     R13, 1
0x02A6	0x2AA5      	GOTO       L_main6
0x02A7	0x0000      	NOP
;hc-sr04 interface with pic16.c,66 :: 		PORTB.F0 = 0;                      //TRIGGER LOW
0x02A8	0x1006      	BCF        PORTB, 0
;hc-sr04 interface with pic16.c,68 :: 		Delay_ms(100);                     //Waiting for ECHO
0x02A9	0x3002      	MOVLW      2
0x02AA	0x00FB      	MOVWF      R11
0x02AB	0x3004      	MOVLW      4
0x02AC	0x00FC      	MOVWF      R12
0x02AD	0x30BA      	MOVLW      186
0x02AE	0x00FD      	MOVWF      R13
L_main7:
0x02AF	0x0BFD      	DECFSZ     R13, 1
0x02B0	0x2AAF      	GOTO       L_main7
0x02B1	0x0BFC      	DECFSZ     R12, 1
0x02B2	0x2AAF      	GOTO       L_main7
0x02B3	0x0BFB      	DECFSZ     R11, 1
0x02B4	0x2AAF      	GOTO       L_main7
0x02B5	0x0000      	NOP
;hc-sr04 interface with pic16.c,69 :: 		a = a + 1;                         //Error Correction Constant
0x02B6	0x0ADF      	INCF       _a, 1
0x02B7	0x1903      	BTFSC      STATUS, 2
0x02B8	0x0AE0      	INCF       _a+1, 1
;hc-sr04 interface with pic16.c,70 :: 		if(a>2 && a<400)                   //Check whether the result is valid or not
0x02B9	0x3080      	MOVLW      128
0x02BA	0x00F0      	MOVWF      R0
0x02BB	0x3080      	MOVLW      128
0x02BC	0x0660      	XORWF      _a+1, 0
0x02BD	0x0270      	SUBWF      R0, 0
0x02BE	0x1D03      	BTFSS      STATUS, 2
0x02BF	0x2AC2      	GOTO       L__main17
0x02C0	0x085F      	MOVF       _a, 0
0x02C1	0x3C02      	SUBLW      2
L__main17:
0x02C2	0x1803      	BTFSC      STATUS, 0
0x02C3	0x2AF6      	GOTO       L_main10
0x02C4	0x3080      	MOVLW      128
0x02C5	0x0660      	XORWF      _a+1, 0
0x02C6	0x00F0      	MOVWF      R0
0x02C7	0x3080      	MOVLW      128
0x02C8	0x3A01      	XORLW      1
0x02C9	0x0270      	SUBWF      R0, 0
0x02CA	0x1D03      	BTFSS      STATUS, 2
0x02CB	0x2ACE      	GOTO       L__main18
0x02CC	0x3090      	MOVLW      144
0x02CD	0x025F      	SUBWF      _a, 0
L__main18:
0x02CE	0x1803      	BTFSC      STATUS, 0
0x02CF	0x2AF6      	GOTO       L_main10
L__main13:
;hc-sr04 interface with pic16.c,72 :: 		IntToStr(a,txt);
0x02D0	0x085F      	MOVF       _a, 0
0x02D1	0x00EB      	MOVWF      FARG_IntToStr_input
0x02D2	0x0860      	MOVF       _a+1, 0
0x02D3	0x00EC      	MOVWF      FARG_IntToStr_input+1
0x02D4	0x3064      	MOVLW      main_txt_L0
0x02D5	0x00ED      	MOVWF      FARG_IntToStr_output
0x02D6	0x212A      	CALL       _IntToStr
;hc-sr04 interface with pic16.c,73 :: 		Ltrim(txt);
0x02D7	0x3064      	MOVLW      main_txt_L0
0x02D8	0x1283      	BCF        STATUS, 5
0x02D9	0x1303      	BCF        STATUS, 6
0x02DA	0x00EB      	MOVWF      FARG_Ltrim_string
0x02DB	0x21A4      	CALL       _Ltrim
;hc-sr04 interface with pic16.c,74 :: 		Lcd_Cmd(_LCD_CLEAR);
0x02DC	0x3001      	MOVLW      1
0x02DD	0x1683      	BSF        STATUS, 5
0x02DE	0x00A9      	MOVWF      FARG_Lcd_Cmd_out_char
0x02DF	0x2081      	CALL       _Lcd_Cmd
;hc-sr04 interface with pic16.c,75 :: 		Lcd_Out(1,1,"Distance = ");
0x02E0	0x3001      	MOVLW      1
0x02E1	0x00EB      	MOVWF      FARG_Lcd_Out_row
0x02E2	0x3001      	MOVLW      1
0x02E3	0x00EC      	MOVWF      FARG_Lcd_Out_column
0x02E4	0x302B      	MOVLW      ?lstr3_hc_45sr04_32interface_32with_32pic16
0x02E5	0x00ED      	MOVWF      FARG_Lcd_Out_text
0x02E6	0x222A      	CALL       _Lcd_Out
;hc-sr04 interface with pic16.c,76 :: 		Lcd_Out(1,12,txt);
0x02E7	0x3001      	MOVLW      1
0x02E8	0x00EB      	MOVWF      FARG_Lcd_Out_row
0x02E9	0x300C      	MOVLW      12
0x02EA	0x00EC      	MOVWF      FARG_Lcd_Out_column
0x02EB	0x3064      	MOVLW      main_txt_L0
0x02EC	0x00ED      	MOVWF      FARG_Lcd_Out_text
0x02ED	0x222A      	CALL       _Lcd_Out
;hc-sr04 interface with pic16.c,77 :: 		Lcd_Out(1,15,"cm");
0x02EE	0x3001      	MOVLW      1
0x02EF	0x00EB      	MOVWF      FARG_Lcd_Out_row
0x02F0	0x300F      	MOVLW      15
0x02F1	0x00EC      	MOVWF      FARG_Lcd_Out_column
0x02F2	0x3028      	MOVLW      ?lstr4_hc_45sr04_32interface_32with_32pic16
0x02F3	0x00ED      	MOVWF      FARG_Lcd_Out_text
0x02F4	0x222A      	CALL       _Lcd_Out
;hc-sr04 interface with pic16.c,78 :: 		}
0x02F5	0x2B01      	GOTO       L_main11
L_main10:
;hc-sr04 interface with pic16.c,81 :: 		Lcd_Cmd(_LCD_CLEAR);
0x02F6	0x3001      	MOVLW      1
0x02F7	0x1683      	BSF        STATUS, 5
0x02F8	0x00A9      	MOVWF      FARG_Lcd_Cmd_out_char
0x02F9	0x2081      	CALL       _Lcd_Cmd
;hc-sr04 interface with pic16.c,82 :: 		Lcd_Out(1,1,"Out of Range");
0x02FA	0x3001      	MOVLW      1
0x02FB	0x00EB      	MOVWF      FARG_Lcd_Out_row
0x02FC	0x3001      	MOVLW      1
0x02FD	0x00EC      	MOVWF      FARG_Lcd_Out_column
0x02FE	0x3037      	MOVLW      ?lstr5_hc_45sr04_32interface_32with_32pic16
0x02FF	0x00ED      	MOVWF      FARG_Lcd_Out_text
0x0300	0x222A      	CALL       _Lcd_Out
;hc-sr04 interface with pic16.c,83 :: 		}
L_main11:
;hc-sr04 interface with pic16.c,84 :: 		Delay_ms(400);
0x0301	0x3005      	MOVLW      5
0x0302	0x00FB      	MOVWF      R11
0x0303	0x300F      	MOVLW      15
0x0304	0x00FC      	MOVWF      R12
0x0305	0x30F1      	MOVLW      241
0x0306	0x00FD      	MOVWF      R13
L_main12:
0x0307	0x0BFD      	DECFSZ     R13, 1
0x0308	0x2B07      	GOTO       L_main12
0x0309	0x0BFC      	DECFSZ     R12, 1
0x030A	0x2B07      	GOTO       L_main12
0x030B	0x0BFB      	DECFSZ     R11, 1
0x030C	0x2B07      	GOTO       L_main12
;hc-sr04 interface with pic16.c,85 :: 		}
0x030D	0x2A9E      	GOTO       L_main4
;hc-sr04 interface with pic16.c,86 :: 		}
L_end_main:
0x030E	0x2B0E      	GOTO       $+0
; end of _main
0x034A	0x3028      	MOVLW      40
0x034B	0x0084      	MOVWF      FSR
0x034C	0x3035      	MOVLW      53
0x034D	0x1283      	BCF        STATUS, 5
0x034E	0x1303      	BCF        STATUS, 6
0x034F	0x00F0      	MOVWF      R0
0x0350	0x3014      	MOVLW      20
0x0351	0x00DD      	MOVWF      ___DoICPAddr
0x0352	0x3003      	MOVLW      3
0x0353	0x00DE      	MOVWF      94
0x0354	0x21D0      	CALL       464
0x0355	0x0008      	RETURN
;hc-sr04 interface with pic16.c,0 :: ?ICS?lstr4_hc_45sr04_32interface_32with_32pic16
0x0314	0x3463 ;?ICS?lstr4_hc_45sr04_32interface_32with_32pic16+0
0x0315	0x346D ;?ICS?lstr4_hc_45sr04_32interface_32with_32pic16+1
0x0316	0x3400 ;?ICS?lstr4_hc_45sr04_32interface_32with_32pic16+2
; end of ?ICS?lstr4_hc_45sr04_32interface_32with_32pic16
;hc-sr04 interface with pic16.c,0 :: ?ICS?lstr3_hc_45sr04_32interface_32with_32pic16
0x0317	0x3444 ;?ICS?lstr3_hc_45sr04_32interface_32with_32pic16+0
0x0318	0x3469 ;?ICS?lstr3_hc_45sr04_32interface_32with_32pic16+1
0x0319	0x3473 ;?ICS?lstr3_hc_45sr04_32interface_32with_32pic16+2
0x031A	0x3474 ;?ICS?lstr3_hc_45sr04_32interface_32with_32pic16+3
0x031B	0x3461 ;?ICS?lstr3_hc_45sr04_32interface_32with_32pic16+4
0x031C	0x346E ;?ICS?lstr3_hc_45sr04_32interface_32with_32pic16+5
0x031D	0x3463 ;?ICS?lstr3_hc_45sr04_32interface_32with_32pic16+6
0x031E	0x3465 ;?ICS?lstr3_hc_45sr04_32interface_32with_32pic16+7
0x031F	0x3420 ;?ICS?lstr3_hc_45sr04_32interface_32with_32pic16+8
0x0320	0x343D ;?ICS?lstr3_hc_45sr04_32interface_32with_32pic16+9
0x0321	0x3420 ;?ICS?lstr3_hc_45sr04_32interface_32with_32pic16+10
0x0322	0x3400 ;?ICS?lstr3_hc_45sr04_32interface_32with_32pic16+11
; end of ?ICS?lstr3_hc_45sr04_32interface_32with_32pic16
;hc-sr04 interface with pic16.c,0 :: ?ICS?lstr5_hc_45sr04_32interface_32with_32pic16
0x0323	0x344F ;?ICS?lstr5_hc_45sr04_32interface_32with_32pic16+0
0x0324	0x3475 ;?ICS?lstr5_hc_45sr04_32interface_32with_32pic16+1
0x0325	0x3474 ;?ICS?lstr5_hc_45sr04_32interface_32with_32pic16+2
0x0326	0x3420 ;?ICS?lstr5_hc_45sr04_32interface_32with_32pic16+3
0x0327	0x346F ;?ICS?lstr5_hc_45sr04_32interface_32with_32pic16+4
0x0328	0x3466 ;?ICS?lstr5_hc_45sr04_32interface_32with_32pic16+5
0x0329	0x3420 ;?ICS?lstr5_hc_45sr04_32interface_32with_32pic16+6
0x032A	0x3452 ;?ICS?lstr5_hc_45sr04_32interface_32with_32pic16+7
0x032B	0x3461 ;?ICS?lstr5_hc_45sr04_32interface_32with_32pic16+8
0x032C	0x346E ;?ICS?lstr5_hc_45sr04_32interface_32with_32pic16+9
0x032D	0x3467 ;?ICS?lstr5_hc_45sr04_32interface_32with_32pic16+10
0x032E	0x3465 ;?ICS?lstr5_hc_45sr04_32interface_32with_32pic16+11
0x032F	0x3400 ;?ICS?lstr5_hc_45sr04_32interface_32with_32pic16+12
; end of ?ICS?lstr5_hc_45sr04_32interface_32with_32pic16
;hc-sr04 interface with pic16.c,0 :: ?ICS?lstr1_hc_45sr04_32interface_32with_32pic16
0x0330	0x3444 ;?ICS?lstr1_hc_45sr04_32interface_32with_32pic16+0
0x0331	0x3465 ;?ICS?lstr1_hc_45sr04_32interface_32with_32pic16+1
0x0332	0x3476 ;?ICS?lstr1_hc_45sr04_32interface_32with_32pic16+2
0x0333	0x3465 ;?ICS?lstr1_hc_45sr04_32interface_32with_32pic16+3
0x0334	0x346C ;?ICS?lstr1_hc_45sr04_32interface_32with_32pic16+4
0x0335	0x346F ;?ICS?lstr1_hc_45sr04_32interface_32with_32pic16+5
0x0336	0x3470 ;?ICS?lstr1_hc_45sr04_32interface_32with_32pic16+6
0x0337	0x3465 ;?ICS?lstr1_hc_45sr04_32interface_32with_32pic16+7
0x0338	0x3464 ;?ICS?lstr1_hc_45sr04_32interface_32with_32pic16+8
0x0339	0x3420 ;?ICS?lstr1_hc_45sr04_32interface_32with_32pic16+9
0x033A	0x3442 ;?ICS?lstr1_hc_45sr04_32interface_32with_32pic16+10
0x033B	0x3479 ;?ICS?lstr1_hc_45sr04_32interface_32with_32pic16+11
0x033C	0x3400 ;?ICS?lstr1_hc_45sr04_32interface_32with_32pic16+12
; end of ?ICS?lstr1_hc_45sr04_32interface_32with_32pic16
;hc-sr04 interface with pic16.c,0 :: ?ICS?lstr2_hc_45sr04_32interface_32with_32pic16
0x033D	0x3465 ;?ICS?lstr2_hc_45sr04_32interface_32with_32pic16+0
0x033E	0x346C ;?ICS?lstr2_hc_45sr04_32interface_32with_32pic16+1
0x033F	0x3465 ;?ICS?lstr2_hc_45sr04_32interface_32with_32pic16+2
0x0340	0x3463 ;?ICS?lstr2_hc_45sr04_32interface_32with_32pic16+3
0x0341	0x3474 ;?ICS?lstr2_hc_45sr04_32interface_32with_32pic16+4
0x0342	0x3472 ;?ICS?lstr2_hc_45sr04_32interface_32with_32pic16+5
0x0343	0x346F ;?ICS?lstr2_hc_45sr04_32interface_32with_32pic16+6
0x0344	0x3453 ;?ICS?lstr2_hc_45sr04_32interface_32with_32pic16+7
0x0345	0x346F ;?ICS?lstr2_hc_45sr04_32interface_32with_32pic16+8
0x0346	0x346D ;?ICS?lstr2_hc_45sr04_32interface_32with_32pic16+9
0x0347	0x3465 ;?ICS?lstr2_hc_45sr04_32interface_32with_32pic16+10
0x0348	0x3400 ;?ICS?lstr2_hc_45sr04_32interface_32with_32pic16+11
; end of ?ICS?lstr2_hc_45sr04_32interface_32with_32pic16
Symbol List:
//** Routines locations **
//ADDRESS    SIZE    PROCEDURE
//----------------------------------------------
0x0004      [73]    _interrupt
0x004D       [3]    _Delay_1us
0x0050       [7]    _Delay_50us
0x0057      [13]    _Delay_5500us
0x0064      [29]    _Div_16X16_U
0x0081      [87]    _Lcd_Cmd
0x00D8       [9]    _Lcd_Chr_CP
0x00E1      [66]    _WordToStr
0x0123       [7]    _____DoICP
0x012A     [122]    _IntToStr
0x01A4      [44]    _Ltrim
0x01D0      [12]    ___CC2DW
0x01DC      [78]    _Lcd_Init
0x022A      [66]    _Lcd_Out
0x026C     [162]    _main
//** Variables locations ** 
//ADDRESS    SIZE    VARIABLE
//----------------------------------------------
0x0000       [1]    INDF
0x0002       [1]    PCL
0x0003       [1]    STATUS
0x0004       [1]    FSR
0x0006       [1]    PORTB
0x0008       [0]    RD7_bit
0x0008       [0]    RD6_bit
0x0008       [0]    RD5_bit
0x0008       [0]    LCD_D7
0x0008       [0]    LCD_D6
0x0008       [0]    LCD_D5
0x0008       [0]    RD4_bit
0x0008       [0]    LCD_D4
0x0008       [0]    RD3_bit
0x0008       [0]    RD2_bit
0x0008       [0]    LCD_RS
0x0008       [0]    LCD_EN
0x000A       [1]    PCLATH
0x000B       [1]    INTCON
0x000E       [1]    TMR1L
0x000F       [1]    TMR1H
0x0010       [1]    T1CON
0x0028       [3]    ?lstr4_hc_45sr04_32interface_32with_32pic16
0x002B      [12]    ?lstr3_hc_45sr04_32interface_32with_32pic16
0x0037      [13]    ?lstr5_hc_45sr04_32interface_32with_32pic16
0x0044      [13]    ?lstr1_hc_45sr04_32interface_32with_32pic16
0x0051      [12]    ?lstr2_hc_45sr04_32interface_32with_32pic16
0x005D       [2]    ___DoICPAddr
0x005F       [2]    _a
0x0061       [0]    __Lib_Lcd_cmd_status
0x0062       [1]    ___saveSTATUS
0x0063       [1]    ___savePCLATH
0x0064       [7]    main_txt_L0
0x006B       [1]    FARG_Ltrim_string
0x006B       [2]    FARG_IntToStr_input
0x006B       [1]    FARG_Lcd_Out_row
0x006C       [1]    FARG_Lcd_Out_column
0x006C       [2]    Ltrim_trimmed_L0
0x006D       [1]    FARG_Lcd_Out_text
0x006D       [1]    FARG_IntToStr_output
0x006E       [1]    Lcd_Out_i_L0
0x006E       [2]    IntToStr_i_L0
0x0070       [1]    R0
0x0071       [1]    R1
0x0072       [1]    R2
0x0073       [1]    R3
0x0074       [1]    R4
0x0075       [1]    R5
0x0076       [1]    R6
0x0077       [1]    R7
0x0078       [1]    R8
0x0079       [1]    R9
0x007A       [1]    R10
0x007B       [1]    R11
0x007C       [1]    R12
0x007D       [1]    R13
0x007E       [1]    R14
0x007F       [1]    R15
0x0086       [1]    TRISB
0x0088       [0]    LCD_D4_Direction
0x0088       [0]    LCD_EN_Direction
0x0088       [0]    LCD_RS_Direction
0x0088       [0]    LCD_D5_Direction
0x0088       [0]    LCD_D7_Direction
0x0088       [0]    LCD_D6_Direction
0x0088       [0]    TRISD5_bit
0x0088       [0]    TRISD6_bit
0x0088       [0]    TRISD7_bit
0x0088       [0]    TRISD4_bit
0x0088       [0]    TRISD2_bit
0x0088       [0]    TRISD3_bit
0x00A0       [2]    IntToStr_negative_L0
0x00A2       [2]    IntToStr_inword_L0
0x00A4       [1]    FARG_Lcd_Chr_CP_out_char
0x00A4       [2]    FARG_WordToStr_input
0x00A6       [1]    FARG_WordToStr_output
0x00A7       [1]    WordToStr_len_L0
0x00A8       [1]    FLOC__WordToStr
0x00A9       [1]    FARG_Lcd_Cmd_out_char
//** Constants locations ** 
//ADDRESS    SIZE    CONSTANT
//----------------------------------------------
0x0314       [3]    ?ICS?lstr4_hc_45sr04_32interface_32with_32pic16
0x0317      [12]    ?ICS?lstr3_hc_45sr04_32interface_32with_32pic16
0x0323      [13]    ?ICS?lstr5_hc_45sr04_32interface_32with_32pic16
0x0330      [13]    ?ICS?lstr1_hc_45sr04_32interface_32with_32pic16
0x033D      [12]    ?ICS?lstr2_hc_45sr04_32interface_32with_32pic16
